2020-11-01 08:03:30,583 - INFO - Tensorflow version 2.3.1
2020-11-01 08:03:30,583 - INFO - dataset path: TRAIN_DATA_FOLDER=/home/tobi/Downloads/trixsyDataset/training_dataset
2020-11-01 08:03:41,442 - INFO - loading weights from checkpoint joker_net_checkpoint.hdf5
2020-11-01 08:03:41,465 - INFO - Model: "sequential"
2020-11-01 08:03:41,465 - INFO - _________________________________________________________________
2020-11-01 08:03:41,465 - INFO - Layer (type)                 Output Shape              Param #   
2020-11-01 08:03:41,465 - INFO - =================================================================
2020-11-01 08:03:41,466 - INFO - conv1 (Conv2D)               (None, 54, 54, 64)        7808      
2020-11-01 08:03:41,466 - INFO - _________________________________________________________________
2020-11-01 08:03:41,466 - INFO - batch_normalization (BatchNo (None, 54, 54, 64)        256       
2020-11-01 08:03:41,466 - INFO - _________________________________________________________________
2020-11-01 08:03:41,466 - INFO - max_pooling2d (MaxPooling2D) (None, 26, 26, 64)        0         
2020-11-01 08:03:41,466 - INFO - _________________________________________________________________
2020-11-01 08:03:41,466 - INFO - conv2 (Conv2D)               (None, 26, 26, 64)        102464    
2020-11-01 08:03:41,466 - INFO - _________________________________________________________________
2020-11-01 08:03:41,466 - INFO - batch_normalization_1 (Batch (None, 26, 26, 64)        256       
2020-11-01 08:03:41,467 - INFO - _________________________________________________________________
2020-11-01 08:03:41,467 - INFO - max_pooling2d_1 (MaxPooling2 (None, 12, 12, 64)        0         
2020-11-01 08:03:41,467 - INFO - _________________________________________________________________
2020-11-01 08:03:41,467 - INFO - conv3 (Conv2D)               (None, 12, 12, 128)       73856     
2020-11-01 08:03:41,467 - INFO - _________________________________________________________________
2020-11-01 08:03:41,467 - INFO - conv4 (Conv2D)               (None, 12, 12, 128)       147584    
2020-11-01 08:03:41,467 - INFO - _________________________________________________________________
2020-11-01 08:03:41,467 - INFO - max_pooling2d_2 (MaxPooling2 (None, 5, 5, 128)         0         
2020-11-01 08:03:41,467 - INFO - _________________________________________________________________
2020-11-01 08:03:41,468 - INFO - flatten (Flatten)            (None, 3200)              0         
2020-11-01 08:03:41,468 - INFO - _________________________________________________________________
2020-11-01 08:03:41,468 - INFO - fc8 (Dense)                  (None, 100)               320100    
2020-11-01 08:03:41,468 - INFO - _________________________________________________________________
2020-11-01 08:03:41,468 - INFO - dropout (Dropout)            (None, 100)               0         
2020-11-01 08:03:41,468 - INFO - _________________________________________________________________
2020-11-01 08:03:41,469 - INFO - output (Dense)               (None, 2)                 202       
2020-11-01 08:03:41,469 - INFO - =================================================================
2020-11-01 08:03:41,470 - INFO - Total params: 652,526
2020-11-01 08:03:41,470 - INFO - Trainable params: 652,270
2020-11-01 08:03:41,470 - INFO - Non-trainable params: 256
2020-11-01 08:03:41,470 - INFO - _________________________________________________________________
2020-11-01 08:03:41,470 - INFO - making training generator
2020-11-01 08:03:41,470 - INFO - making training generator
2020-11-01 08:03:44,251 - INFO - making validation generator
2020-11-01 08:03:44,636 - INFO - making test generator
2020-11-01 08:03:45,014 - INFO - summary of /home/tobi/Downloads/trixsyDataset/training_dataset/train/: 180689 samples:	65.6% nonjoker,	34.4% joker

2020-11-01 08:03:45,015 - INFO - summary of /home/tobi/Downloads/trixsyDataset/training_dataset/valid/: 22586 samples:	65.6% nonjoker,	34.4% joker

2020-11-01 08:03:45,015 - INFO - summary of /home/tobi/Downloads/trixsyDataset/training_dataset/test/: 22587 samples:	65.6% nonjoker,	34.4% joker

2020-11-01 08:03:45,173 - INFO - starting training
2020-11-01 08:04:06,966 - WARNING - keyboard interrupt, saving model and testing
2020-11-01 08:04:06,966 - INFO - saving model to folder joker_net_20201101-0803
2020-11-01 08:04:08,448 - INFO - converting model to tensorflow lite model
2020-11-01 08:04:09,083 - INFO - saving tflite model as joker_net_20201101-0803.tflite
2020-11-01 08:04:09,087 - INFO - evaluating accuracy
2020-11-01 08:05:41,395 - INFO - On test <tensorflow.python.keras.preprocessing.image.DirectoryIterator object at 0x7f8d1c60cc10>  loss=0.020, acc=0.9926
