2020-11-24 14:00:07,599-INFO-added logging handler to models/joker_net_mn19_20201124-1400/training-20201124-1359.log
2020-11-24 14:00:07,599-INFO-Tensorflow version 2.5.0-dev20201108
2020-11-24 14:00:07,599-INFO-dataset path: TRAIN_DATA_FOLDER=/home/tobi/Downloads/trixsyDataset/training_dataset
2020-11-24 14:00:07,599-INFO-TRAIN_DATA_FOLDER=/home/tobi/Downloads/trixsyDataset/training_dataset
SRC_DATA_FOLDER=/home/tobi/Downloads/trixsyDataset/source_data
2020-11-24 14:00:07,599-WARNING-test warning
2020-11-24 14:00:07,599-ERROR-test error
2020-11-24 14:00:07,599-INFO-making training generator
2020-11-24 14:00:08,379-INFO-making validation generator
2020-11-24 14:00:08,602-INFO-making test generator
2020-11-24 14:00:08,729-INFO-Model: "mobilenet_0.25_224"
2020-11-24 14:00:08,729-INFO-_________________________________________________________________
2020-11-24 14:00:08,730-INFO-Layer (type)                 Output Shape              Param #   
2020-11-24 14:00:08,730-INFO-=================================================================
2020-11-24 14:00:08,730-INFO-input_1 (InputLayer)         [(None, 224, 224, 1)]     0         
2020-11-24 14:00:08,730-INFO-_________________________________________________________________
2020-11-24 14:00:08,730-INFO-conv1 (Conv2D)               (None, 112, 112, 8)       72        
2020-11-24 14:00:08,730-INFO-_________________________________________________________________
2020-11-24 14:00:08,730-INFO-conv1_bn (BatchNormalization (None, 112, 112, 8)       32        
2020-11-24 14:00:08,730-INFO-_________________________________________________________________
2020-11-24 14:00:08,730-INFO-conv1_relu (ReLU)            (None, 112, 112, 8)       0         
2020-11-24 14:00:08,730-INFO-_________________________________________________________________
2020-11-24 14:00:08,731-INFO-conv_dw_1 (DepthwiseConv2D)  (None, 112, 112, 8)       72        
2020-11-24 14:00:08,731-INFO-_________________________________________________________________
2020-11-24 14:00:08,731-INFO-conv_dw_1_bn (BatchNormaliza (None, 112, 112, 8)       32        
2020-11-24 14:00:08,731-INFO-_________________________________________________________________
2020-11-24 14:00:08,731-INFO-conv_dw_1_relu (ReLU)        (None, 112, 112, 8)       0         
2020-11-24 14:00:08,731-INFO-_________________________________________________________________
2020-11-24 14:00:08,731-INFO-conv_pw_1 (Conv2D)           (None, 112, 112, 16)      128       
2020-11-24 14:00:08,731-INFO-_________________________________________________________________
2020-11-24 14:00:08,732-INFO-conv_pw_1_bn (BatchNormaliza (None, 112, 112, 16)      64        
2020-11-24 14:00:08,732-INFO-_________________________________________________________________
2020-11-24 14:00:08,732-INFO-conv_pw_1_relu (ReLU)        (None, 112, 112, 16)      0         
2020-11-24 14:00:08,732-INFO-_________________________________________________________________
2020-11-24 14:00:08,732-INFO-conv_pad_2 (ZeroPadding2D)   (None, 113, 113, 16)      0         
2020-11-24 14:00:08,732-INFO-_________________________________________________________________
2020-11-24 14:00:08,732-INFO-conv_dw_2 (DepthwiseConv2D)  (None, 56, 56, 16)        144       
2020-11-24 14:00:08,732-INFO-_________________________________________________________________
2020-11-24 14:00:08,732-INFO-conv_dw_2_bn (BatchNormaliza (None, 56, 56, 16)        64        
2020-11-24 14:00:08,732-INFO-_________________________________________________________________
2020-11-24 14:00:08,733-INFO-conv_dw_2_relu (ReLU)        (None, 56, 56, 16)        0         
2020-11-24 14:00:08,733-INFO-_________________________________________________________________
2020-11-24 14:00:08,733-INFO-conv_pw_2 (Conv2D)           (None, 56, 56, 32)        512       
2020-11-24 14:00:08,733-INFO-_________________________________________________________________
2020-11-24 14:00:08,733-INFO-conv_pw_2_bn (BatchNormaliza (None, 56, 56, 32)        128       
2020-11-24 14:00:08,733-INFO-_________________________________________________________________
2020-11-24 14:00:08,733-INFO-conv_pw_2_relu (ReLU)        (None, 56, 56, 32)        0         
2020-11-24 14:00:08,733-INFO-_________________________________________________________________
2020-11-24 14:00:08,733-INFO-conv_dw_3 (DepthwiseConv2D)  (None, 56, 56, 32)        288       
2020-11-24 14:00:08,733-INFO-_________________________________________________________________
2020-11-24 14:00:08,734-INFO-conv_dw_3_bn (BatchNormaliza (None, 56, 56, 32)        128       
2020-11-24 14:00:08,734-INFO-_________________________________________________________________
2020-11-24 14:00:08,734-INFO-conv_dw_3_relu (ReLU)        (None, 56, 56, 32)        0         
2020-11-24 14:00:08,734-INFO-_________________________________________________________________
2020-11-24 14:00:08,734-INFO-conv_pw_3 (Conv2D)           (None, 56, 56, 32)        1024      
2020-11-24 14:00:08,734-INFO-_________________________________________________________________
2020-11-24 14:00:08,734-INFO-conv_pw_3_bn (BatchNormaliza (None, 56, 56, 32)        128       
2020-11-24 14:00:08,734-INFO-_________________________________________________________________
2020-11-24 14:00:08,734-INFO-conv_pw_3_relu (ReLU)        (None, 56, 56, 32)        0         
2020-11-24 14:00:08,734-INFO-_________________________________________________________________
2020-11-24 14:00:08,734-INFO-conv_pad_4 (ZeroPadding2D)   (None, 57, 57, 32)        0         
2020-11-24 14:00:08,734-INFO-_________________________________________________________________
2020-11-24 14:00:08,735-INFO-conv_dw_4 (DepthwiseConv2D)  (None, 28, 28, 32)        288       
2020-11-24 14:00:08,735-INFO-_________________________________________________________________
2020-11-24 14:00:08,735-INFO-conv_dw_4_bn (BatchNormaliza (None, 28, 28, 32)        128       
2020-11-24 14:00:08,735-INFO-_________________________________________________________________
2020-11-24 14:00:08,735-INFO-conv_dw_4_relu (ReLU)        (None, 28, 28, 32)        0         
2020-11-24 14:00:08,735-INFO-_________________________________________________________________
2020-11-24 14:00:08,735-INFO-conv_pw_4 (Conv2D)           (None, 28, 28, 64)        2048      
2020-11-24 14:00:08,735-INFO-_________________________________________________________________
2020-11-24 14:00:08,736-INFO-conv_pw_4_bn (BatchNormaliza (None, 28, 28, 64)        256       
2020-11-24 14:00:08,736-INFO-_________________________________________________________________
2020-11-24 14:00:08,736-INFO-conv_pw_4_relu (ReLU)        (None, 28, 28, 64)        0         
2020-11-24 14:00:08,736-INFO-_________________________________________________________________
2020-11-24 14:00:08,736-INFO-conv_dw_5 (DepthwiseConv2D)  (None, 28, 28, 64)        576       
2020-11-24 14:00:08,736-INFO-_________________________________________________________________
2020-11-24 14:00:08,736-INFO-conv_dw_5_bn (BatchNormaliza (None, 28, 28, 64)        256       
2020-11-24 14:00:08,736-INFO-_________________________________________________________________
2020-11-24 14:00:08,737-INFO-conv_dw_5_relu (ReLU)        (None, 28, 28, 64)        0         
2020-11-24 14:00:08,737-INFO-_________________________________________________________________
2020-11-24 14:00:08,737-INFO-conv_pw_5 (Conv2D)           (None, 28, 28, 64)        4096      
2020-11-24 14:00:08,737-INFO-_________________________________________________________________
2020-11-24 14:00:08,737-INFO-conv_pw_5_bn (BatchNormaliza (None, 28, 28, 64)        256       
2020-11-24 14:00:08,737-INFO-_________________________________________________________________
2020-11-24 14:00:08,737-INFO-conv_pw_5_relu (ReLU)        (None, 28, 28, 64)        0         
2020-11-24 14:00:08,737-INFO-_________________________________________________________________
2020-11-24 14:00:08,737-INFO-conv_pad_6 (ZeroPadding2D)   (None, 29, 29, 64)        0         
2020-11-24 14:00:08,737-INFO-_________________________________________________________________
2020-11-24 14:00:08,738-INFO-conv_dw_6 (DepthwiseConv2D)  (None, 14, 14, 64)        576       
2020-11-24 14:00:08,738-INFO-_________________________________________________________________
2020-11-24 14:00:08,738-INFO-conv_dw_6_bn (BatchNormaliza (None, 14, 14, 64)        256       
2020-11-24 14:00:08,738-INFO-_________________________________________________________________
2020-11-24 14:00:08,738-INFO-conv_dw_6_relu (ReLU)        (None, 14, 14, 64)        0         
2020-11-24 14:00:08,738-INFO-_________________________________________________________________
2020-11-24 14:00:08,738-INFO-conv_pw_6 (Conv2D)           (None, 14, 14, 128)       8192      
2020-11-24 14:00:08,738-INFO-_________________________________________________________________
2020-11-24 14:00:08,739-INFO-conv_pw_6_bn (BatchNormaliza (None, 14, 14, 128)       512       
2020-11-24 14:00:08,739-INFO-_________________________________________________________________
2020-11-24 14:00:08,739-INFO-conv_pw_6_relu (ReLU)        (None, 14, 14, 128)       0         
2020-11-24 14:00:08,739-INFO-_________________________________________________________________
2020-11-24 14:00:08,739-INFO-conv_dw_7 (DepthwiseConv2D)  (None, 14, 14, 128)       1152      
2020-11-24 14:00:08,739-INFO-_________________________________________________________________
2020-11-24 14:00:08,739-INFO-conv_dw_7_bn (BatchNormaliza (None, 14, 14, 128)       512       
2020-11-24 14:00:08,740-INFO-_________________________________________________________________
2020-11-24 14:00:08,740-INFO-conv_dw_7_relu (ReLU)        (None, 14, 14, 128)       0         
2020-11-24 14:00:08,740-INFO-_________________________________________________________________
2020-11-24 14:00:08,740-INFO-conv_pw_7 (Conv2D)           (None, 14, 14, 128)       16384     
2020-11-24 14:00:08,740-INFO-_________________________________________________________________
2020-11-24 14:00:08,740-INFO-conv_pw_7_bn (BatchNormaliza (None, 14, 14, 128)       512       
2020-11-24 14:00:08,740-INFO-_________________________________________________________________
2020-11-24 14:00:08,740-INFO-conv_pw_7_relu (ReLU)        (None, 14, 14, 128)       0         
2020-11-24 14:00:08,740-INFO-_________________________________________________________________
2020-11-24 14:00:08,741-INFO-conv_dw_8 (DepthwiseConv2D)  (None, 14, 14, 128)       1152      
2020-11-24 14:00:08,741-INFO-_________________________________________________________________
2020-11-24 14:00:08,741-INFO-conv_dw_8_bn (BatchNormaliza (None, 14, 14, 128)       512       
2020-11-24 14:00:08,741-INFO-_________________________________________________________________
2020-11-24 14:00:08,741-INFO-conv_dw_8_relu (ReLU)        (None, 14, 14, 128)       0         
2020-11-24 14:00:08,741-INFO-_________________________________________________________________
2020-11-24 14:00:08,741-INFO-conv_pw_8 (Conv2D)           (None, 14, 14, 128)       16384     
2020-11-24 14:00:08,741-INFO-_________________________________________________________________
2020-11-24 14:00:08,742-INFO-conv_pw_8_bn (BatchNormaliza (None, 14, 14, 128)       512       
2020-11-24 14:00:08,742-INFO-_________________________________________________________________
2020-11-24 14:00:08,742-INFO-conv_pw_8_relu (ReLU)        (None, 14, 14, 128)       0         
2020-11-24 14:00:08,742-INFO-_________________________________________________________________
2020-11-24 14:00:08,742-INFO-conv_dw_9 (DepthwiseConv2D)  (None, 14, 14, 128)       1152      
2020-11-24 14:00:08,742-INFO-_________________________________________________________________
2020-11-24 14:00:08,742-INFO-conv_dw_9_bn (BatchNormaliza (None, 14, 14, 128)       512       
2020-11-24 14:00:08,742-INFO-_________________________________________________________________
2020-11-24 14:00:08,743-INFO-conv_dw_9_relu (ReLU)        (None, 14, 14, 128)       0         
2020-11-24 14:00:08,743-INFO-_________________________________________________________________
2020-11-24 14:00:08,743-INFO-conv_pw_9 (Conv2D)           (None, 14, 14, 128)       16384     
2020-11-24 14:00:08,743-INFO-_________________________________________________________________
2020-11-24 14:00:08,743-INFO-conv_pw_9_bn (BatchNormaliza (None, 14, 14, 128)       512       
2020-11-24 14:00:08,743-INFO-_________________________________________________________________
2020-11-24 14:00:08,743-INFO-conv_pw_9_relu (ReLU)        (None, 14, 14, 128)       0         
2020-11-24 14:00:08,743-INFO-_________________________________________________________________
2020-11-24 14:00:08,743-INFO-conv_dw_10 (DepthwiseConv2D) (None, 14, 14, 128)       1152      
2020-11-24 14:00:08,743-INFO-_________________________________________________________________
2020-11-24 14:00:08,744-INFO-conv_dw_10_bn (BatchNormaliz (None, 14, 14, 128)       512       
2020-11-24 14:00:08,744-INFO-_________________________________________________________________
2020-11-24 14:00:08,744-INFO-conv_dw_10_relu (ReLU)       (None, 14, 14, 128)       0         
2020-11-24 14:00:08,744-INFO-_________________________________________________________________
2020-11-24 14:00:08,744-INFO-conv_pw_10 (Conv2D)          (None, 14, 14, 128)       16384     
2020-11-24 14:00:08,744-INFO-_________________________________________________________________
2020-11-24 14:00:08,744-INFO-conv_pw_10_bn (BatchNormaliz (None, 14, 14, 128)       512       
2020-11-24 14:00:08,744-INFO-_________________________________________________________________
2020-11-24 14:00:08,744-INFO-conv_pw_10_relu (ReLU)       (None, 14, 14, 128)       0         
2020-11-24 14:00:08,744-INFO-_________________________________________________________________
2020-11-24 14:00:08,745-INFO-conv_dw_11 (DepthwiseConv2D) (None, 14, 14, 128)       1152      
2020-11-24 14:00:08,745-INFO-_________________________________________________________________
2020-11-24 14:00:08,745-INFO-conv_dw_11_bn (BatchNormaliz (None, 14, 14, 128)       512       
2020-11-24 14:00:08,745-INFO-_________________________________________________________________
2020-11-24 14:00:08,745-INFO-conv_dw_11_relu (ReLU)       (None, 14, 14, 128)       0         
2020-11-24 14:00:08,745-INFO-_________________________________________________________________
2020-11-24 14:00:08,745-INFO-conv_pw_11 (Conv2D)          (None, 14, 14, 128)       16384     
2020-11-24 14:00:08,745-INFO-_________________________________________________________________
2020-11-24 14:00:08,746-INFO-conv_pw_11_bn (BatchNormaliz (None, 14, 14, 128)       512       
2020-11-24 14:00:08,746-INFO-_________________________________________________________________
2020-11-24 14:00:08,746-INFO-conv_pw_11_relu (ReLU)       (None, 14, 14, 128)       0         
2020-11-24 14:00:08,746-INFO-_________________________________________________________________
2020-11-24 14:00:08,746-INFO-conv_pad_12 (ZeroPadding2D)  (None, 15, 15, 128)       0         
2020-11-24 14:00:08,746-INFO-_________________________________________________________________
2020-11-24 14:00:08,746-INFO-conv_dw_12 (DepthwiseConv2D) (None, 7, 7, 128)         1152      
2020-11-24 14:00:08,746-INFO-_________________________________________________________________
2020-11-24 14:00:08,746-INFO-conv_dw_12_bn (BatchNormaliz (None, 7, 7, 128)         512       
2020-11-24 14:00:08,746-INFO-_________________________________________________________________
2020-11-24 14:00:08,746-INFO-conv_dw_12_relu (ReLU)       (None, 7, 7, 128)         0         
2020-11-24 14:00:08,746-INFO-_________________________________________________________________
2020-11-24 14:00:08,747-INFO-conv_pw_12 (Conv2D)          (None, 7, 7, 256)         32768     
2020-11-24 14:00:08,747-INFO-_________________________________________________________________
2020-11-24 14:00:08,747-INFO-conv_pw_12_bn (BatchNormaliz (None, 7, 7, 256)         1024      
2020-11-24 14:00:08,747-INFO-_________________________________________________________________
2020-11-24 14:00:08,747-INFO-conv_pw_12_relu (ReLU)       (None, 7, 7, 256)         0         
2020-11-24 14:00:08,747-INFO-_________________________________________________________________
2020-11-24 14:00:08,747-INFO-conv_dw_13 (DepthwiseConv2D) (None, 7, 7, 256)         2304      
2020-11-24 14:00:08,747-INFO-_________________________________________________________________
2020-11-24 14:00:08,747-INFO-conv_dw_13_bn (BatchNormaliz (None, 7, 7, 256)         1024      
2020-11-24 14:00:08,747-INFO-_________________________________________________________________
2020-11-24 14:00:08,747-INFO-conv_dw_13_relu (ReLU)       (None, 7, 7, 256)         0         
2020-11-24 14:00:08,747-INFO-_________________________________________________________________
2020-11-24 14:00:08,748-INFO-conv_pw_13 (Conv2D)          (None, 7, 7, 256)         65536     
2020-11-24 14:00:08,748-INFO-_________________________________________________________________
2020-11-24 14:00:08,748-INFO-conv_pw_13_bn (BatchNormaliz (None, 7, 7, 256)         1024      
2020-11-24 14:00:08,748-INFO-_________________________________________________________________
2020-11-24 14:00:08,748-INFO-conv_pw_13_relu (ReLU)       (None, 7, 7, 256)         0         
2020-11-24 14:00:08,748-INFO-_________________________________________________________________
2020-11-24 14:00:08,748-INFO-global_average_pooling2d (Gl (None, 256)               0         
2020-11-24 14:00:08,748-INFO-_________________________________________________________________
2020-11-24 14:00:08,748-INFO-reshape_1 (Reshape)          (None, 1, 1, 256)         0         
2020-11-24 14:00:08,748-INFO-_________________________________________________________________
2020-11-24 14:00:08,748-INFO-dropout (Dropout)            (None, 1, 1, 256)         0         
2020-11-24 14:00:08,748-INFO-_________________________________________________________________
2020-11-24 14:00:08,749-INFO-conv_preds (Conv2D)          (None, 1, 1, 2)           514       
2020-11-24 14:00:08,749-INFO-_________________________________________________________________
2020-11-24 14:00:08,749-INFO-reshape_2 (Reshape)          (None, 2)                 0         
2020-11-24 14:00:08,749-INFO-_________________________________________________________________
2020-11-24 14:00:08,749-INFO-predictions (Activation)     (None, 2)                 0         
2020-11-24 14:00:08,749-INFO-=================================================================
2020-11-24 14:00:08,751-INFO-Total params: 218,914
2020-11-24 14:00:08,751-INFO-Trainable params: 213,442
2020-11-24 14:00:08,751-INFO-Non-trainable params: 5,472
2020-11-24 14:00:08,751-INFO-_________________________________________________________________
2020-11-24 14:00:08,751-INFO-starting training
2020-11-24 14:00:08,751-INFO-Training uses class_weight={0: 0.5, 1: 0.5} (nonjoker/joker) with max 300 epochs optimizer=<tensorflow.python.keras.optimizer_v2.gradient_descent.SGD object at 0x7efd5031f640> and train_batch_size=32 
2020-11-24 14:00:08,751-INFO-learning rate schedule: <tensorflow.python.keras.optimizer_v2.learning_rate_schedule.ExponentialDecay object at 0x7efd5031f3d0>
2020-11-24 14:00:08,752-INFO-summary of /home/tobi/Downloads/trixsyDataset/training_dataset/train/: 57480 samples:	55240/96.103% nonjoker,	2240/3.897% joker

2020-11-24 14:00:08,752-INFO-summary of /home/tobi/Downloads/trixsyDataset/training_dataset/valid/: 16440 samples:	15800/96.107% nonjoker,	640/3.893% joker

2020-11-24 14:00:08,752-INFO-summary of /home/tobi/Downloads/trixsyDataset/training_dataset/test/: 8180 samples:	7880/96.333% nonjoker,	300/3.667% joker

2020-11-24 14:00:08,996-INFO-SGD learning rate: 0.010000
2020-11-24 14:03:43,432-INFO-End epoch 0 of training; got log keys: ['loss', 'categorical_accuracy', 'val_loss', 'val_categorical_accuracy']
2020-11-24 14:03:44,283-INFO-SGD learning rate: 0.008999
2020-11-24 14:07:18,129-INFO-End epoch 1 of training; got log keys: ['loss', 'categorical_accuracy', 'val_loss', 'val_categorical_accuracy']
2020-11-24 14:07:18,591-INFO-SGD learning rate: 0.008099
2020-11-24 14:10:55,248-INFO-End epoch 2 of training; got log keys: ['loss', 'categorical_accuracy', 'val_loss', 'val_categorical_accuracy']
2020-11-24 14:10:55,849-INFO-SGD learning rate: 0.007289
2020-11-24 14:14:34,300-INFO-End epoch 3 of training; got log keys: ['loss', 'categorical_accuracy', 'val_loss', 'val_categorical_accuracy']
2020-11-24 14:14:34,767-INFO-SGD learning rate: 0.006559
2020-11-24 14:18:10,455-INFO-End epoch 4 of training; got log keys: ['loss', 'categorical_accuracy', 'val_loss', 'val_categorical_accuracy']
2020-11-24 14:18:10,923-INFO-SGD learning rate: 0.005903
2020-11-24 14:21:47,309-INFO-End epoch 5 of training; got log keys: ['loss', 'categorical_accuracy', 'val_loss', 'val_categorical_accuracy']
2020-11-24 14:21:47,761-INFO-SGD learning rate: 0.005313
2020-11-24 14:25:23,980-INFO-End epoch 6 of training; got log keys: ['loss', 'categorical_accuracy', 'val_loss', 'val_categorical_accuracy']
2020-11-24 14:25:24,575-INFO-SGD learning rate: 0.004781
2020-11-24 14:28:58,828-INFO-End epoch 7 of training; got log keys: ['loss', 'categorical_accuracy', 'val_loss', 'val_categorical_accuracy']
2020-11-24 14:28:59,304-INFO-SGD learning rate: 0.004303
2020-11-24 14:32:33,164-INFO-End epoch 8 of training; got log keys: ['loss', 'categorical_accuracy', 'val_loss', 'val_categorical_accuracy']
2020-11-24 14:32:33,601-INFO-SGD learning rate: 0.003872
2020-11-24 14:36:07,142-INFO-End epoch 9 of training; got log keys: ['loss', 'categorical_accuracy', 'val_loss', 'val_categorical_accuracy']
2020-11-24 14:36:07,568-INFO-SGD learning rate: 0.003485
2020-11-24 14:39:41,963-INFO-End epoch 10 of training; got log keys: ['loss', 'categorical_accuracy', 'val_loss', 'val_categorical_accuracy']
2020-11-24 14:39:42,387-INFO-SGD learning rate: 0.003136
2020-11-24 14:43:16,850-INFO-End epoch 11 of training; got log keys: ['loss', 'categorical_accuracy', 'val_loss', 'val_categorical_accuracy']
2020-11-24 14:43:17,267-INFO-SGD learning rate: 0.002822
2020-11-24 14:46:49,236-INFO-End epoch 12 of training; got log keys: ['loss', 'categorical_accuracy', 'val_loss', 'val_categorical_accuracy']
2020-11-24 14:46:49,679-INFO-SGD learning rate: 0.002540
2020-11-24 14:50:24,440-INFO-End epoch 13 of training; got log keys: ['loss', 'categorical_accuracy', 'val_loss', 'val_categorical_accuracy']
2020-11-24 14:50:24,894-INFO-SGD learning rate: 0.002286
2020-11-24 14:53:57,640-INFO-End epoch 14 of training; got log keys: ['loss', 'categorical_accuracy', 'val_loss', 'val_categorical_accuracy']
2020-11-24 14:53:58,094-INFO-SGD learning rate: 0.002057
2020-11-24 14:57:30,151-INFO-End epoch 15 of training; got log keys: ['loss', 'categorical_accuracy', 'val_loss', 'val_categorical_accuracy']
2020-11-24 14:57:31,035-INFO-SGD learning rate: 0.001851
2020-11-24 15:01:03,463-INFO-End epoch 16 of training; got log keys: ['loss', 'categorical_accuracy', 'val_loss', 'val_categorical_accuracy']
2020-11-24 15:01:03,950-INFO-SGD learning rate: 0.001666
2020-11-24 15:04:38,978-INFO-End epoch 17 of training; got log keys: ['loss', 'categorical_accuracy', 'val_loss', 'val_categorical_accuracy']
2020-11-24 15:04:39,850-INFO-Done with model.fit; history is 
{'loss': [0.053058210760354996, 0.03759466111660004, 0.02634904719889164, 0.021017342805862427, 0.01673882082104683, 0.014060376212000847, 0.01187643501907587, 0.010059618391096592, 0.009229088202118874, 0.007746104151010513, 0.00700388615950942, 0.006939987652003765, 0.006200591567903757, 0.005427736788988113, 0.0051438151858747005, 0.004741070792078972, 0.004899353254586458, 0.004201880656182766], 'categorical_accuracy': [0.96731036901474, 0.9748608469963074, 0.9823938608169556, 0.9859951138496399, 0.9886221289634705, 0.9899095296859741, 0.9921190142631531, 0.9930758476257324, 0.9936151504516602, 0.9947633743286133, 0.9951983094215393, 0.9951635599136353, 0.9956680536270142, 0.9962595701217651, 0.9967119097709656, 0.9968162775039673, 0.9968858957290649, 0.9970946311950684], 'val_loss': [0.16587504744529724, 0.1804981529712677, 0.07767222821712494, 0.06050306558609009, 0.030424807220697403, 0.025065068155527115, 0.02161477506160736, 0.018612947314977646, 0.02203402668237686, 0.020607242360711098, 0.017045723274350166, 0.02236332558095455, 0.017176667228341103, 0.01323359552770853, 0.01747879944741726, 0.018251998350024223, 0.013379378244280815, 0.01512877643108368], 'val_categorical_accuracy': [0.9371654391288757, 0.9271289706230164, 0.9728102087974548, 0.979197084903717, 0.9900851845741272, 0.9917274713516235, 0.9921532869338989, 0.9939172863960266, 0.9919099807739258, 0.9928832054138184, 0.9944646954536438, 0.9923357367515564, 0.9940997362136841, 0.9953771233558655, 0.9944646954536438, 0.9947688579559326, 0.9959245920181274, 0.9953163266181946]} and is saved as logs/training_history-20201124-1359.npy
2020-11-24 15:04:39,850-INFO-history.history.keys()=dict_keys(['loss', 'categorical_accuracy', 'val_loss', 'val_categorical_accuracy'])
2020-11-24 15:04:39,850-INFO-saving model to folder models/joker_net_mn19_20201124-1400
2020-11-24 15:04:47,867-INFO-converting model to tensorflow lite model
2020-11-24 15:04:52,010-INFO-saving tflite model as models/joker_net_mn19_20201124-1400/joker_net.tflite
2020-11-24 15:04:52,011-INFO-evaluating accuracy
2020-11-24 15:04:56,695-INFO-On test set /home/tobi/Downloads/trixsyDataset/training_dataset/test/  loss=0.054, acc=0.9797
2020-11-24 15:05:00,868-INFO-**** final test set balanced accuracy: 98.466% (chance would be 50%)
Confusion matrix nonjoker/joker:
 [[7717  163]
 [   3  297]]
2020-11-24 15:05:00,868-INFO-measuring Op/frame for CNN
2020-11-24 15:05:01,227-INFO-creating new empty model at None
2020-11-24 15:05:01,227-INFO-creating MobileNet with weights=None alpha=0.25 depth_multiplier=1 dropout=0.001 fully_connected_layers=(128, 128) pooling=avg frozen_imagenet_layers=False
2020-11-24 15:05:01,687-INFO-Model: "mobilenet_0.25_224"
2020-11-24 15:05:01,687-INFO-_________________________________________________________________
2020-11-24 15:05:01,687-INFO-Layer (type)                 Output Shape              Param #   
2020-11-24 15:05:01,687-INFO-=================================================================
2020-11-24 15:05:01,687-INFO-input_2 (InputLayer)         [(None, 224, 224, 1)]     0         
2020-11-24 15:05:01,687-INFO-_________________________________________________________________
2020-11-24 15:05:01,687-INFO-conv1 (Conv2D)               (None, 112, 112, 8)       72        
2020-11-24 15:05:01,687-INFO-_________________________________________________________________
2020-11-24 15:05:01,688-INFO-conv1_bn (BatchNormalization (None, 112, 112, 8)       32        
2020-11-24 15:05:01,688-INFO-_________________________________________________________________
2020-11-24 15:05:01,688-INFO-conv1_relu (ReLU)            (None, 112, 112, 8)       0         
2020-11-24 15:05:01,688-INFO-_________________________________________________________________
2020-11-24 15:05:01,688-INFO-conv_dw_1 (DepthwiseConv2D)  (None, 112, 112, 8)       72        
2020-11-24 15:05:01,688-INFO-_________________________________________________________________
2020-11-24 15:05:01,688-INFO-conv_dw_1_bn (BatchNormaliza (None, 112, 112, 8)       32        
2020-11-24 15:05:01,688-INFO-_________________________________________________________________
2020-11-24 15:05:01,688-INFO-conv_dw_1_relu (ReLU)        (None, 112, 112, 8)       0         
2020-11-24 15:05:01,688-INFO-_________________________________________________________________
2020-11-24 15:05:01,689-INFO-conv_pw_1 (Conv2D)           (None, 112, 112, 16)      128       
2020-11-24 15:05:01,689-INFO-_________________________________________________________________
2020-11-24 15:05:01,689-INFO-conv_pw_1_bn (BatchNormaliza (None, 112, 112, 16)      64        
2020-11-24 15:05:01,689-INFO-_________________________________________________________________
2020-11-24 15:05:01,689-INFO-conv_pw_1_relu (ReLU)        (None, 112, 112, 16)      0         
2020-11-24 15:05:01,689-INFO-_________________________________________________________________
2020-11-24 15:05:01,689-INFO-conv_pad_2 (ZeroPadding2D)   (None, 113, 113, 16)      0         
2020-11-24 15:05:01,689-INFO-_________________________________________________________________
2020-11-24 15:05:01,689-INFO-conv_dw_2 (DepthwiseConv2D)  (None, 56, 56, 16)        144       
2020-11-24 15:05:01,689-INFO-_________________________________________________________________
2020-11-24 15:05:01,690-INFO-conv_dw_2_bn (BatchNormaliza (None, 56, 56, 16)        64        
2020-11-24 15:05:01,690-INFO-_________________________________________________________________
2020-11-24 15:05:01,690-INFO-conv_dw_2_relu (ReLU)        (None, 56, 56, 16)        0         
2020-11-24 15:05:01,690-INFO-_________________________________________________________________
2020-11-24 15:05:01,690-INFO-conv_pw_2 (Conv2D)           (None, 56, 56, 32)        512       
2020-11-24 15:05:01,690-INFO-_________________________________________________________________
2020-11-24 15:05:01,690-INFO-conv_pw_2_bn (BatchNormaliza (None, 56, 56, 32)        128       
2020-11-24 15:05:01,690-INFO-_________________________________________________________________
2020-11-24 15:05:01,691-INFO-conv_pw_2_relu (ReLU)        (None, 56, 56, 32)        0         
2020-11-24 15:05:01,691-INFO-_________________________________________________________________
2020-11-24 15:05:01,691-INFO-conv_dw_3 (DepthwiseConv2D)  (None, 56, 56, 32)        288       
2020-11-24 15:05:01,691-INFO-_________________________________________________________________
2020-11-24 15:05:01,691-INFO-conv_dw_3_bn (BatchNormaliza (None, 56, 56, 32)        128       
2020-11-24 15:05:01,691-INFO-_________________________________________________________________
2020-11-24 15:05:01,691-INFO-conv_dw_3_relu (ReLU)        (None, 56, 56, 32)        0         
2020-11-24 15:05:01,691-INFO-_________________________________________________________________
2020-11-24 15:05:01,692-INFO-conv_pw_3 (Conv2D)           (None, 56, 56, 32)        1024      
2020-11-24 15:05:01,692-INFO-_________________________________________________________________
2020-11-24 15:05:01,692-INFO-conv_pw_3_bn (BatchNormaliza (None, 56, 56, 32)        128       
2020-11-24 15:05:01,692-INFO-_________________________________________________________________
2020-11-24 15:05:01,692-INFO-conv_pw_3_relu (ReLU)        (None, 56, 56, 32)        0         
2020-11-24 15:05:01,692-INFO-_________________________________________________________________
2020-11-24 15:05:01,692-INFO-conv_pad_4 (ZeroPadding2D)   (None, 57, 57, 32)        0         
2020-11-24 15:05:01,692-INFO-_________________________________________________________________
2020-11-24 15:05:01,692-INFO-conv_dw_4 (DepthwiseConv2D)  (None, 28, 28, 32)        288       
2020-11-24 15:05:01,692-INFO-_________________________________________________________________
2020-11-24 15:05:01,693-INFO-conv_dw_4_bn (BatchNormaliza (None, 28, 28, 32)        128       
2020-11-24 15:05:01,693-INFO-_________________________________________________________________
2020-11-24 15:05:01,693-INFO-conv_dw_4_relu (ReLU)        (None, 28, 28, 32)        0         
2020-11-24 15:05:01,693-INFO-_________________________________________________________________
2020-11-24 15:05:01,693-INFO-conv_pw_4 (Conv2D)           (None, 28, 28, 64)        2048      
2020-11-24 15:05:01,693-INFO-_________________________________________________________________
2020-11-24 15:05:01,693-INFO-conv_pw_4_bn (BatchNormaliza (None, 28, 28, 64)        256       
2020-11-24 15:05:01,693-INFO-_________________________________________________________________
2020-11-24 15:05:01,693-INFO-conv_pw_4_relu (ReLU)        (None, 28, 28, 64)        0         
2020-11-24 15:05:01,693-INFO-_________________________________________________________________
2020-11-24 15:05:01,694-INFO-conv_dw_5 (DepthwiseConv2D)  (None, 28, 28, 64)        576       
2020-11-24 15:05:01,694-INFO-_________________________________________________________________
2020-11-24 15:05:01,694-INFO-conv_dw_5_bn (BatchNormaliza (None, 28, 28, 64)        256       
2020-11-24 15:05:01,694-INFO-_________________________________________________________________
2020-11-24 15:05:01,694-INFO-conv_dw_5_relu (ReLU)        (None, 28, 28, 64)        0         
2020-11-24 15:05:01,694-INFO-_________________________________________________________________
2020-11-24 15:05:01,694-INFO-conv_pw_5 (Conv2D)           (None, 28, 28, 64)        4096      
2020-11-24 15:05:01,694-INFO-_________________________________________________________________
2020-11-24 15:05:01,694-INFO-conv_pw_5_bn (BatchNormaliza (None, 28, 28, 64)        256       
2020-11-24 15:05:01,695-INFO-_________________________________________________________________
2020-11-24 15:05:01,695-INFO-conv_pw_5_relu (ReLU)        (None, 28, 28, 64)        0         
2020-11-24 15:05:01,695-INFO-_________________________________________________________________
2020-11-24 15:05:01,695-INFO-conv_pad_6 (ZeroPadding2D)   (None, 29, 29, 64)        0         
2020-11-24 15:05:01,695-INFO-_________________________________________________________________
2020-11-24 15:05:01,695-INFO-conv_dw_6 (DepthwiseConv2D)  (None, 14, 14, 64)        576       
2020-11-24 15:05:01,695-INFO-_________________________________________________________________
2020-11-24 15:05:01,695-INFO-conv_dw_6_bn (BatchNormaliza (None, 14, 14, 64)        256       
2020-11-24 15:05:01,695-INFO-_________________________________________________________________
2020-11-24 15:05:01,695-INFO-conv_dw_6_relu (ReLU)        (None, 14, 14, 64)        0         
2020-11-24 15:05:01,695-INFO-_________________________________________________________________
2020-11-24 15:05:01,696-INFO-conv_pw_6 (Conv2D)           (None, 14, 14, 128)       8192      
2020-11-24 15:05:01,696-INFO-_________________________________________________________________
2020-11-24 15:05:01,696-INFO-conv_pw_6_bn (BatchNormaliza (None, 14, 14, 128)       512       
2020-11-24 15:05:01,696-INFO-_________________________________________________________________
2020-11-24 15:05:01,696-INFO-conv_pw_6_relu (ReLU)        (None, 14, 14, 128)       0         
2020-11-24 15:05:01,696-INFO-_________________________________________________________________
2020-11-24 15:05:01,696-INFO-conv_dw_7 (DepthwiseConv2D)  (None, 14, 14, 128)       1152      
2020-11-24 15:05:01,696-INFO-_________________________________________________________________
2020-11-24 15:05:01,697-INFO-conv_dw_7_bn (BatchNormaliza (None, 14, 14, 128)       512       
2020-11-24 15:05:01,697-INFO-_________________________________________________________________
2020-11-24 15:05:01,697-INFO-conv_dw_7_relu (ReLU)        (None, 14, 14, 128)       0         
2020-11-24 15:05:01,697-INFO-_________________________________________________________________
2020-11-24 15:05:01,697-INFO-conv_pw_7 (Conv2D)           (None, 14, 14, 128)       16384     
2020-11-24 15:05:01,697-INFO-_________________________________________________________________
2020-11-24 15:05:01,697-INFO-conv_pw_7_bn (BatchNormaliza (None, 14, 14, 128)       512       
2020-11-24 15:05:01,697-INFO-_________________________________________________________________
2020-11-24 15:05:01,697-INFO-conv_pw_7_relu (ReLU)        (None, 14, 14, 128)       0         
2020-11-24 15:05:01,697-INFO-_________________________________________________________________
2020-11-24 15:05:01,698-INFO-conv_dw_8 (DepthwiseConv2D)  (None, 14, 14, 128)       1152      
2020-11-24 15:05:01,698-INFO-_________________________________________________________________
2020-11-24 15:05:01,698-INFO-conv_dw_8_bn (BatchNormaliza (None, 14, 14, 128)       512       
2020-11-24 15:05:01,698-INFO-_________________________________________________________________
2020-11-24 15:05:01,698-INFO-conv_dw_8_relu (ReLU)        (None, 14, 14, 128)       0         
2020-11-24 15:05:01,698-INFO-_________________________________________________________________
2020-11-24 15:05:01,698-INFO-conv_pw_8 (Conv2D)           (None, 14, 14, 128)       16384     
2020-11-24 15:05:01,698-INFO-_________________________________________________________________
2020-11-24 15:05:01,698-INFO-conv_pw_8_bn (BatchNormaliza (None, 14, 14, 128)       512       
2020-11-24 15:05:01,699-INFO-_________________________________________________________________
2020-11-24 15:05:01,699-INFO-conv_pw_8_relu (ReLU)        (None, 14, 14, 128)       0         
2020-11-24 15:05:01,699-INFO-_________________________________________________________________
2020-11-24 15:05:01,699-INFO-conv_dw_9 (DepthwiseConv2D)  (None, 14, 14, 128)       1152      
2020-11-24 15:05:01,699-INFO-_________________________________________________________________
2020-11-24 15:05:01,699-INFO-conv_dw_9_bn (BatchNormaliza (None, 14, 14, 128)       512       
2020-11-24 15:05:01,699-INFO-_________________________________________________________________
2020-11-24 15:05:01,699-INFO-conv_dw_9_relu (ReLU)        (None, 14, 14, 128)       0         
2020-11-24 15:05:01,699-INFO-_________________________________________________________________
2020-11-24 15:05:01,699-INFO-conv_pw_9 (Conv2D)           (None, 14, 14, 128)       16384     
2020-11-24 15:05:01,700-INFO-_________________________________________________________________
2020-11-24 15:05:01,700-INFO-conv_pw_9_bn (BatchNormaliza (None, 14, 14, 128)       512       
2020-11-24 15:05:01,700-INFO-_________________________________________________________________
2020-11-24 15:05:01,700-INFO-conv_pw_9_relu (ReLU)        (None, 14, 14, 128)       0         
2020-11-24 15:05:01,700-INFO-_________________________________________________________________
2020-11-24 15:05:01,700-INFO-conv_dw_10 (DepthwiseConv2D) (None, 14, 14, 128)       1152      
2020-11-24 15:05:01,700-INFO-_________________________________________________________________
2020-11-24 15:05:01,700-INFO-conv_dw_10_bn (BatchNormaliz (None, 14, 14, 128)       512       
2020-11-24 15:05:01,700-INFO-_________________________________________________________________
2020-11-24 15:05:01,700-INFO-conv_dw_10_relu (ReLU)       (None, 14, 14, 128)       0         
2020-11-24 15:05:01,701-INFO-_________________________________________________________________
2020-11-24 15:05:01,701-INFO-conv_pw_10 (Conv2D)          (None, 14, 14, 128)       16384     
2020-11-24 15:05:01,701-INFO-_________________________________________________________________
2020-11-24 15:05:01,701-INFO-conv_pw_10_bn (BatchNormaliz (None, 14, 14, 128)       512       
2020-11-24 15:05:01,701-INFO-_________________________________________________________________
2020-11-24 15:05:01,701-INFO-conv_pw_10_relu (ReLU)       (None, 14, 14, 128)       0         
2020-11-24 15:05:01,701-INFO-_________________________________________________________________
2020-11-24 15:05:01,701-INFO-conv_dw_11 (DepthwiseConv2D) (None, 14, 14, 128)       1152      
2020-11-24 15:05:01,702-INFO-_________________________________________________________________
2020-11-24 15:05:01,702-INFO-conv_dw_11_bn (BatchNormaliz (None, 14, 14, 128)       512       
2020-11-24 15:05:01,702-INFO-_________________________________________________________________
2020-11-24 15:05:01,702-INFO-conv_dw_11_relu (ReLU)       (None, 14, 14, 128)       0         
2020-11-24 15:05:01,702-INFO-_________________________________________________________________
2020-11-24 15:05:01,702-INFO-conv_pw_11 (Conv2D)          (None, 14, 14, 128)       16384     
2020-11-24 15:05:01,702-INFO-_________________________________________________________________
2020-11-24 15:05:01,702-INFO-conv_pw_11_bn (BatchNormaliz (None, 14, 14, 128)       512       
2020-11-24 15:05:01,702-INFO-_________________________________________________________________
2020-11-24 15:05:01,702-INFO-conv_pw_11_relu (ReLU)       (None, 14, 14, 128)       0         
2020-11-24 15:05:01,702-INFO-_________________________________________________________________
2020-11-24 15:05:01,703-INFO-conv_pad_12 (ZeroPadding2D)  (None, 15, 15, 128)       0         
2020-11-24 15:05:01,703-INFO-_________________________________________________________________
2020-11-24 15:05:01,703-INFO-conv_dw_12 (DepthwiseConv2D) (None, 7, 7, 128)         1152      
2020-11-24 15:05:01,703-INFO-_________________________________________________________________
2020-11-24 15:05:01,703-INFO-conv_dw_12_bn (BatchNormaliz (None, 7, 7, 128)         512       
2020-11-24 15:05:01,703-INFO-_________________________________________________________________
2020-11-24 15:05:01,703-INFO-conv_dw_12_relu (ReLU)       (None, 7, 7, 128)         0         
2020-11-24 15:05:01,703-INFO-_________________________________________________________________
2020-11-24 15:05:01,703-INFO-conv_pw_12 (Conv2D)          (None, 7, 7, 256)         32768     
2020-11-24 15:05:01,703-INFO-_________________________________________________________________
2020-11-24 15:05:01,704-INFO-conv_pw_12_bn (BatchNormaliz (None, 7, 7, 256)         1024      
2020-11-24 15:05:01,704-INFO-_________________________________________________________________
2020-11-24 15:05:01,704-INFO-conv_pw_12_relu (ReLU)       (None, 7, 7, 256)         0         
2020-11-24 15:05:01,704-INFO-_________________________________________________________________
2020-11-24 15:05:01,704-INFO-conv_dw_13 (DepthwiseConv2D) (None, 7, 7, 256)         2304      
2020-11-24 15:05:01,704-INFO-_________________________________________________________________
2020-11-24 15:05:01,704-INFO-conv_dw_13_bn (BatchNormaliz (None, 7, 7, 256)         1024      
2020-11-24 15:05:01,704-INFO-_________________________________________________________________
2020-11-24 15:05:01,704-INFO-conv_dw_13_relu (ReLU)       (None, 7, 7, 256)         0         
2020-11-24 15:05:01,704-INFO-_________________________________________________________________
2020-11-24 15:05:01,705-INFO-conv_pw_13 (Conv2D)          (None, 7, 7, 256)         65536     
2020-11-24 15:05:01,705-INFO-_________________________________________________________________
2020-11-24 15:05:01,705-INFO-conv_pw_13_bn (BatchNormaliz (None, 7, 7, 256)         1024      
2020-11-24 15:05:01,705-INFO-_________________________________________________________________
2020-11-24 15:05:01,705-INFO-conv_pw_13_relu (ReLU)       (None, 7, 7, 256)         0         
2020-11-24 15:05:01,705-INFO-_________________________________________________________________
2020-11-24 15:05:01,705-INFO-global_average_pooling2d_1 ( (None, 256)               0         
2020-11-24 15:05:01,705-INFO-_________________________________________________________________
2020-11-24 15:05:01,705-INFO-reshape_1 (Reshape)          (None, 1, 1, 256)         0         
2020-11-24 15:05:01,705-INFO-_________________________________________________________________
2020-11-24 15:05:01,705-INFO-dropout (Dropout)            (None, 1, 1, 256)         0         
2020-11-24 15:05:01,706-INFO-_________________________________________________________________
2020-11-24 15:05:01,706-INFO-conv_preds (Conv2D)          (None, 1, 1, 2)           514       
2020-11-24 15:05:01,706-INFO-_________________________________________________________________
2020-11-24 15:05:01,706-INFO-reshape_2 (Reshape)          (None, 2)                 0         
2020-11-24 15:05:01,706-INFO-_________________________________________________________________
2020-11-24 15:05:01,706-INFO-predictions (Activation)     (None, 2)                 0         
2020-11-24 15:05:01,706-INFO-=================================================================
2020-11-24 15:05:01,708-INFO-Total params: 218,914
2020-11-24 15:05:01,708-INFO-Trainable params: 213,442
2020-11-24 15:05:01,708-INFO-Non-trainable params: 5,472
2020-11-24 15:05:01,708-INFO-_________________________________________________________________
2020-11-24 15:05:01,715-INFO-Op/frame: 611.48M
2020-11-24 15:05:01,715-INFO-MAC/frame: 304.48M
2020-11-24 15:05:01,715-INFO-Fractional Op per layer: Fractional Op per layer:  0.00% 0.31% 0.07% 0.02% 2.38% 0.07% 0.02% 0.56% 0.13% 0.03% 0.00% 2.37% 0.03% 0.01% 0.54% 0.07% 0.02% 9.47% 0.07% 0.02% 1.07% 0.07% 0.02% 0.00% 2.37% 0.02% 0.00% 0.53% 0.03% 0.01% 9.46% 0.03% 0.01% 1.06% 0.03% 0.01% 0.00% 2.37% 0.01% 0.00% 0.53% 0.02% 0.00% 9.46% 0.02% 0.00% 1.05% 0.02% 0.00% 9.46% 0.02% 0.00% 1.05% 0.02% 0.00% 9.46% 0.02% 0.00% 1.05% 0.02% 0.00% 9.46% 0.02% 0.00% 1.05% 0.02% 0.00% 9.46% 0.02% 0.00% 1.05% 0.02% 0.00% 0.00% 2.36% 0.00% 0.00% 0.53% 0.01% 0.00% 9.45% 0.01% 0.00% 1.05% 0.01% 0.00% 0.00% 0.00% 0.00% 0.00% 0.00% 0.00%
2020-11-24 15:05:01,716-INFO-measuring CNN latency in loop
2020-11-24 15:05:01,716-INFO-loading tflite CNN model models/joker_net_mn19_20201124-1400/joker_net.tflite
2020-11-24 15:05:02,077-INFO-**** done training after 65.2m; model saved in models/joker_net_mn19_20201124-1400.
See models/joker_net_mn19_20201124-1400/training-20201124-1359.log for logging output for this run.
